[09:49:55] [main/INFO]: Loading Minecraft 1.19.2 with Fabric Loader 0.14.19
[09:49:56] [ForkJoinPool-1-worker-8/WARN]: Mod createaddition uses the version 20230211a which isn't compatible with Loader's extended semantic version format (Could not parse version number component '20230211a'!), SemVer is recommended for reliably evaluating dependencies and prioritizing newer version
[09:49:56] [ForkJoinPool-1-worker-7/WARN]: Mod create uses the version 0.5.0.i-991+1.19.2 which isn't compatible with Loader's extended semantic version format (Could not parse version number component 'i'!), SemVer is recommended for reliably evaluating dependencies and prioritizing newer version
[09:49:56] [ForkJoinPool-1-worker-8/WARN]: Mod flywheel uses the version 0.6.8.a-4 which isn't compatible with Loader's extended semantic version format (Could not parse version number component 'a'!), SemVer is recommended for reliably evaluating dependencies and prioritizing newer version
[09:49:56] [main/INFO]: Loading 131 mods:
	- appleskin 2.4.1+mc1.19
	- architectury 6.5.77
	- byg 2.0.0.13
	   |-- com_electronwill_night-config_core 3.6.6
	   \-- com_electronwill_night-config_toml 3.6.6
	- cloth-config 8.2.88
	   \-- cloth-basic-math 0.6.1
	- controlling 10.0+7
	- create 0.5.0.i-991+1.19.2
	   |-- com_google_code_findbugs_jsr305 3.0.2
	   |-- flywheel 0.6.8.a-4
	   |-- milk 1.0.51
	   |    \-- dripstone_fluid_lib 2.0.1
	   |-- porting_lib 2.1.875+1.19.2
	   |    |-- forge_tags 3.0
	   |    |-- mm 2.3
	   |    |-- porting_lib_accessors 2.1.875+1.19.2
	   |    |-- porting_lib_attributes 2.1.875+1.19.2
	   |    |-- porting_lib_base 2.1.875+1.19.2
	   |    |-- porting_lib_common 2.1.875+1.19.2
	   |    |-- porting_lib_constants 2.1.875+1.19.2
	   |    |-- porting_lib_entity 2.1.875+1.19.2
	   |    |-- porting_lib_extensions 2.1.875+1.19.2
	   |    |-- porting_lib_fake_players 2.1.875+1.19.2
	   |    |-- porting_lib_lazy_registration 2.1.875+1.19.2
	   |    |-- porting_lib_loot 2.1.875+1.19.2
	   |    |-- porting_lib_model_generators 2.1.875+1.19.2
	   |    |-- porting_lib_model_loader 2.1.875+1.19.2
	   |    |-- porting_lib_models 2.1.875+1.19.2
	   |    |-- porting_lib_networking 2.1.875+1.19.2
	   |    |-- porting_lib_obj_loader 2.1.875+1.19.2
	   |    |-- porting_lib_transfer 2.1.875+1.19.2
	   |    \-- serialization_hooks 0.3.26
	   |-- reach-entity-attributes 2.3.0
	   \-- registrate-fabric 1.1.57-MC1.19.2
	- create_deco_casing 2.0.0
	- createaddition 20230211a
	   \-- team_reborn_energy 2.2.0
	- createchunkloading 1.3.0
	- createdeco 1.3.0-1.19.2
	- createoreexcavation 1.1.1
	   \-- chunk-storage-api-fabric 1.0.0
	- createreibugfix 0.1.2-mc1.19.x
	- extended_drawers 1.3.8+mc.1.19.2
	   |-- com_github_llamalad7_mixinextras 0.1.1
	   |-- graphlib 0.3.6+1.19.2
	   \-- mconfig 1.2.0+mc.1.19-rc1
	        |-- de_poiu_apron_apron 2.1.1
	        \-- fabric-permissions-api-v0 0.1-SNAPSHOT
	- extendedflywheels 1.19.2-0.5.0.g-1.2.5.1
	   |-- noindium 1.1.0+1.19
	   \-- team_reborn_energy 2.2.0
	- extendedgears 2.0.2-1.19.2-0.5.0.i+fabric-1.19.2
	- fabric-api 0.76.0+1.19.2
	   |-- fabric-api-base 0.4.15+8f4e8eb390
	   |-- fabric-api-lookup-api-v1 1.6.14+93d8cb8290
	   |-- fabric-biome-api-v1 9.1.1+16f1e31390
	   |-- fabric-block-api-v1 1.0.2+e415d50e90
	   |-- fabric-blockrenderlayer-v1 1.1.25+cafc6e8e90
	   |-- fabric-client-tags-api-v1 1.0.5+b35fea8390
	   |-- fabric-command-api-v1 1.2.16+f71b366f90
	   |-- fabric-command-api-v2 2.2.1+413cbbc790
	   |-- fabric-commands-v0 0.2.33+df3654b390
	   |-- fabric-containers-v0 0.1.41+df3654b390
	   |-- fabric-content-registries-v0 3.5.2+7c6cd14d90
	   |-- fabric-convention-tags-v1 1.3.0+4bc6e26290
	   |-- fabric-crash-report-info-v1 0.2.8+aeb40ebe90
	   |-- fabric-data-generation-api-v1 5.3.8+413cbbc790
	   |-- fabric-dimensions-v1 2.1.35+0d0f210290
	   |-- fabric-entity-events-v1 1.5.4+9244241690
	   |-- fabric-events-interaction-v0 0.4.34+562bff6e90
	   |-- fabric-events-lifecycle-v0 0.2.36+df3654b390
	   |-- fabric-game-rule-api-v1 1.0.24+b6b6abb490
	   |-- fabric-item-api-v1 1.6.6+b7d1888890
	   |-- fabric-item-groups-v0 0.3.39+9244241690
	   |-- fabric-key-binding-api-v1 1.0.25+5c4fce2890
	   |-- fabric-keybindings-v0 0.2.23+df3654b390
	   |-- fabric-lifecycle-events-v1 2.2.4+1b46dc7890
	   |-- fabric-loot-api-v2 1.1.13+83a8659290
	   |-- fabric-loot-tables-v1 1.1.16+9e7660c690
	   |-- fabric-message-api-v1 5.0.7+93d8cb8290
	   |-- fabric-mining-level-api-v1 2.1.24+33fbc73890
	   |-- fabric-models-v0 0.3.21+c6af733c90
	   |-- fabric-networking-api-v1 1.2.11+10eb22f490
	   |-- fabric-networking-v0 0.3.28+df3654b390
	   |-- fabric-object-builder-api-v1 4.2.2+d8ef690890
	   |-- fabric-particles-v1 1.0.14+4d0d570390
	   |-- fabric-recipe-api-v1 1.0.1+413cbbc790
	   |-- fabric-registry-sync-v0 0.9.32+9244241690
	   |-- fabric-renderer-api-v1 1.2.1+1adbf27790
	   |-- fabric-renderer-indigo 0.8.0+1adbf27790
	   |-- fabric-renderer-registries-v1 3.2.24+df3654b390
	   |-- fabric-rendering-data-attachment-v1 0.3.19+6e0787e690
	   |-- fabric-rendering-fluids-v1 3.0.11+4d0d570390
	   |-- fabric-rendering-v0 1.1.27+df3654b390
	   |-- fabric-rendering-v1 1.12.1+d8ef690890
	   |-- fabric-resource-conditions-api-v1 2.1.2+aae9039d90
	   |-- fabric-resource-loader-v0 0.8.4+edbdcddb90
	   |-- fabric-screen-api-v1 1.0.32+4d0d570390
	   |-- fabric-screen-handler-api-v1 1.3.7+1cc24b1b90
	   |-- fabric-sound-api-v1 1.0.2+c4f28df590
	   |-- fabric-textures-v0 1.0.24+aeb40ebe90
	   |-- fabric-transfer-api-v1 2.1.6+413cbbc790
	   \-- fabric-transitive-access-wideners-v1 1.3.3+08b73de490
	- fabricloader 0.14.19
	- fastload 3.3.3
	   |-- conditional-mixin 0.3.2
	   |-- fastload-119-0-1-2-compat 3.3.3
	   |-- fastload-1193-compat 3.3.3
	   |-- fastload-1194-compat 3.3.3
	   \-- fastload_fapi_forward 1.0.1
	- forgeconfigapiport 4.2.11
	- indium 1.0.9+mc1.19.2
	- iris 1.6.0
	   |-- io_github_douira_glsl-transformer 2.0.0-pre12
	   |-- org_anarres_jcpp 1.4.14
	   \-- org_antlr_antlr4-runtime 4.11.1
	- java 17
	- lithium 0.11.1
	- minecraft 1.19.2
	- opaccreatesupport 1.1.0
	- openpartiesandclaims 0.17.2
	- reeses-sodium-options 1.4.9+mc1.19.2-build.67
	- roughlyenoughitems 9.1.595
	   \-- error_notifier 1.0.9
	- sodium 0.4.4+build.18
	   \-- org_joml_joml 1.10.4
	- sodium-extra 0.4.16+mc1.19.2-build.90
	   \-- caffeineconfig 1.0.0+1.17
	- terrablender 2.0.1.136
	- xaerominimap 23.3.3
	- xaeroworldmap 1.29.5
[09:49:56] [main/INFO]: SpongePowered MIXIN Subsystem Version=0.8.5 Source=file:/C:/Users/karutoil/curseforge/minecraft/Install/libraries/net/fabricmc/sponge-mixin/0.12.4+mixin.0.8.5/sponge-mixin-0.12.4+mixin.0.8.5.jar Service=Knot/Fabric Env=CLIENT
[09:49:56] [main/INFO]: Compatibility level set to JAVA_16
[09:49:56] [main/INFO]: Compatibility level set to JAVA_17
[09:49:57] [main/WARN]: Reference map 'extendedflywheels-refmap.json' for extendedflywheels.mixins.json could not be read. If this is a development environment you can ignore this message
[09:49:57] [main/WARN]: Reference map 'extendedgears-fabric-refmap.json' for examplemod.mixins.json could not be read. If this is a development environment you can ignore this message
[09:49:57] [main/INFO]: Loaded configuration file for Lithium: 114 options available, 0 override(s) found
[09:49:57] [main/INFO]: Loaded configuration file for Sodium: 29 options available, 1 override(s) found
[09:49:57] [main/INFO]: Loaded configuration file for Sodium Extra: 28 options available, 0 override(s) found
[09:49:59] [main/WARN]: Force-disabling mixin 'features.sky.MixinWorldRenderer' as rule 'mixin.features.sky' (added by mods [iris]) disables it and children
[09:50:05] [main/WARN]: Method overwrite conflict for setTranslation in flywheel.fabric.mixins.json:Matrix4fMixin from mod flywheel, previously written by io.github.fabricators_of_create.porting_lib.mixin.common.Matrix4fMixin. Skipping method.
[09:50:07] [main/INFO]: Building optimized datafixer
[09:50:14] [Render thread/INFO]: Environment: authHost='https://authserver.mojang.com', accountsHost='https://api.mojang.com', sessionHost='https://sessionserver.mojang.com', servicesHost='https://api.minecraftservices.com', name='PROD'
[09:50:15] [Render thread/INFO]: Setting user: Karutoil
[09:50:15] [Render thread/INFO]: BYG registries bootstrapped
[09:50:19] [Render thread/ERROR]: No data fixer registered for byg:boat
[09:50:19] [Render thread/ERROR]: No data fixer registered for byg:chest_boat
[09:50:19] [Render thread/INFO]: Initializing BYG network...
[09:50:20] [Render thread/INFO]: Initialized BYG network!
[09:50:20] [Render thread/INFO]: Oh The Biomes You'll Go (BYG) was initialized from "Fabric Mod Initializer"
[09:50:20] [Render thread/INFO]: Hello Fabric world!
[09:50:23] [Render thread/WARN]: Static binding violation: PRIVATE @Overwrite method method_23182 in sodium.mixins.json:features.item.MixinItemRenderer from mod sodium cannot reduce visibiliy of PUBLIC target method, visibility will be upgraded.
[09:50:25] [Render thread/WARN]: Encountered duplicate API provider registration for item: minecraft:bucket
[09:50:25] [Render thread/WARN]: Encountered duplicate API provider registration for item: minecraft:glass_bottle
[09:50:25] [Render thread/WARN]: Encountered duplicate API provider registration for item: minecraft:glass_bottle
[09:50:25] [Render thread/WARN]: Encountered duplicate API provider registration for item: minecraft:bucket
[09:50:27] [Render thread/WARN]: Encountered duplicate API provider registration for item: minecraft:bucket
[09:50:27] [Render thread/INFO]: Initializing CreateDecoCasingMod
[09:50:28] [Render thread/WARN]: Encountered duplicate API provider registration for item: minecraft:bucket
[09:50:28] [Render thread/WARN]: Encountered duplicate API provider registration for item: minecraft:bucket
[09:50:28] [Render thread/INFO]: [STDOUT]: Create Crafts & Addition Initialized!
[09:50:31] [Render thread/INFO]: Create Ore Excavation starting
[09:50:31] [Render thread/INFO]: Create&REIBugFix (createreibugfix)  is loaded!
[09:50:31] [Render thread/INFO]: Registering blocks for Extended Gears
[09:50:32] [Render thread/INFO]: Initializing GraphLib...
[09:50:32] [Render thread/INFO]: GraphLib Initialized.
[09:50:32] [Render thread/INFO]: Definitely not up to no good
[09:50:32] [Render thread/INFO]: Open Parties and Claims: Create mod support!
[09:50:32] [Render thread/INFO]: [REI] Config loaded
[09:50:33] [Render thread/INFO]: Registering S2C receiver with id roughlyenoughitems:request_tags_s2c
[09:50:33] [Render thread/INFO]: Registering C2S receiver with id roughlyenoughitems:request_tags_c2s
[09:50:33] [Render thread/INFO]: [REI] Registered plugin provider DefaultPlugin [roughlyenoughitems] for REIPlugin
[09:50:33] [Render thread/INFO]: [REI] Registered plugin provider DefaultRuntimePlugin [roughlyenoughitems] for REIPlugin
[09:50:33] [Render thread/INFO]: [REI] Registered plugin provider REITooltipPlugin [appleskin] for REIPlugin
[09:50:33] [Render thread/INFO]: [REI] Registered plugin provider create:rei_plugin [create] for REIPlugin
[09:50:33] [Render thread/INFO]: [REI] Registered plugin provider CreateAdditionREI [createaddition] for REIPlugin
[09:50:33] [Render thread/INFO]: [REI] Registered plugin provider REIPlugin [createoreexcavation] for REIPlugin
[09:50:33] [Render thread/INFO]: [REI] Registered plugin provider DefaultClientPlugin [roughlyenoughitems] for REIPlugin
[09:50:33] [Render thread/INFO]: [REI] Registered plugin provider DefaultClientRuntimePlugin [roughlyenoughitems] for REIPlugin
[09:50:33] [Render thread/INFO]: [REI] Registered plugin provider HideIngredientsFromTagsPlugin [roughlyenoughitems] for REIPlugin
[09:50:33] [Render thread/INFO]: [REI] Registered plugin provider DefaultPlugin [roughlyenoughitems] for REIServerPlugin
[09:50:33] [Render thread/INFO]: [REI] Registered plugin provider DefaultRuntimePlugin [roughlyenoughitems] for REIServerPlugin
[09:50:33] [Render thread/INFO]: [REI] Registered plugin provider FabricFluidAPISupportPlugin for REIServerPlugin
[09:50:33] [Render thread/INFO]: [REI] Registered plugin provider FabricFluidAPISupportPlugin for REIPlugin
[09:50:33] [Render thread/INFO]: Registering C2S receiver with id roughlyenoughitems:delete_item
[09:50:33] [Render thread/INFO]: Registering C2S receiver with id roughlyenoughitems:create_item
[09:50:33] [Render thread/INFO]: Registering C2S receiver with id roughlyenoughitems:create_item_grab
[09:50:33] [Render thread/INFO]: Registering C2S receiver with id roughlyenoughitems:create_item_hotbar
[09:50:33] [Render thread/INFO]: Registering C2S receiver with id roughlyenoughitems:move_items
[09:50:33] [Render thread/INFO]: "C:\Users\karutoil\curseforge\minecraft\Instances\Create Crafted\config\byg\overworld\byg-overworld-biomes.json5" was read.
[09:50:33] [Render thread/INFO]: Registered region minecraft:overworld to index 0 for type OVERWORLD
[09:50:33] [Render thread/INFO]: Registered region minecraft:nether to index 0 for type NETHER
[09:50:33] [Render thread/INFO]: Registered region byg:region_0 to index 1 for type OVERWORLD
[09:50:33] [Render thread/INFO]: Registered region byg:region_1 to index 2 for type OVERWORLD
[09:50:33] [Render thread/INFO]: Registered region byg:region_2 to index 3 for type OVERWORLD
[09:50:33] [Render thread/INFO]: Registered region byg:region_3 to index 4 for type OVERWORLD
[09:50:33] [Render thread/INFO]: Registering S2C receiver with id architectury:spawn_entity_packet
[09:50:33] [Render thread/INFO]: BYG: "Client Setup" Event Complete!
[09:50:35] [Render thread/INFO]: [Indigo] Different rendering plugin detected; not applying Indigo.
[09:50:35] [Render thread/INFO]: Fastload Perceived Version: 1.19.2
[09:50:35] [Render thread/INFO]: Fastload Abstraction Supported Versions: 1.19, 1.19.1, 1.19.2
[09:50:35] [Render thread/INFO]: DEBUG: FALSE
[09:50:35] [Render thread/INFO]: CHUNK_TRY_LIMIT: 250
[09:50:35] [Render thread/INFO]: LOCAL_RENDER_CHUNK_RADIUS: 10
[09:50:35] [Render thread/INFO]: LOCAL_RENDER_CHUNK_AREA: 314
[09:50:35] [Render thread/INFO]: SERVER_RENDER_CHUNK_RADIUS: 3
[09:50:35] [Render thread/INFO]: SERVER_RENDER_CHUNK_AREA: 28
[09:50:35] [Render thread/INFO]: Iris detected.
[09:50:35] [Render thread/INFO]: Trying to read config file...
[09:50:35] [Render thread/INFO]: A config file was found, loading it..
[09:50:35] [Render thread/INFO]: Successfully loaded config file.
[09:50:35] [Render thread/INFO]: Loading Open Parties and Claims!
[09:50:36] [Render thread/INFO]: [REI] Registered plugin provider REITooltipPlugin [appleskin] for REIClientPlugin
[09:50:36] [Render thread/INFO]: [REI] Registered plugin provider create:rei_plugin [create] for REIClientPlugin
[09:50:36] [Render thread/INFO]: [REI] Registered plugin provider CreateAdditionREI [createaddition] for REIClientPlugin
[09:50:36] [Render thread/INFO]: [REI] Registered plugin provider REIPlugin [createoreexcavation] for REIClientPlugin
[09:50:36] [Render thread/INFO]: [REI] Registered plugin provider DefaultClientPlugin [roughlyenoughitems] for REIClientPlugin
[09:50:36] [Render thread/INFO]: [REI] Registered plugin provider DefaultClientRuntimePlugin [roughlyenoughitems] for REIClientPlugin
[09:50:36] [Render thread/INFO]: [REI] Registered plugin provider HideIngredientsFromTagsPlugin [roughlyenoughitems] for REIClientPlugin
[09:50:36] [Render thread/INFO]: Registering S2C receiver with id roughlyenoughitems:ci_msg
[09:50:36] [Render thread/INFO]: Registering S2C receiver with id roughlyenoughitems:og_not_enough
[09:50:36] [Render thread/INFO]: Loading Xaero's Minimap - Stage 1/2
[09:50:38] [Render thread/INFO]: Loading Xaero's World Map - Stage 1/2
[09:50:40] [ForkJoinPool.commonPool-worker-1/WARN]: [Iris Update Check] Cached update file detected, using that!
[09:50:40] [Render thread/INFO]: Backend library: LWJGL version 3.3.1 SNAPSHOT
[09:50:41] [Render thread/INFO]: Debug functionality is disabled.
[09:50:41] [Render thread/INFO]: ARB_direct_state_access detected, enabling DSA.
[09:50:41] [Render thread/INFO]: Shaders are disabled because no valid shaderpack is selected
[09:50:41] [Render thread/INFO]: Shaders are disabled
[09:50:42] [Render thread/INFO]: Hardware information:
[09:50:42] [Render thread/INFO]: CPU: 8x Intel(R) Core(TM) i5-1035G1 CPU @ 1.00GHz
[09:50:42] [Render thread/INFO]: GPU: Intel(R) UHD Graphics (Supports OpenGL 3.2.0 - Build 27.20.100.8783)
[09:50:42] [Render thread/INFO]: OS: Windows 10 (10.0)
[09:50:44] [Render thread/INFO]: Narrator library for x64 successfully loaded
[09:50:44] [Render thread/INFO]: Reloading ResourceManager: Default, Fabric Mods (AppleSkin, Oh The Biomes You'll Go, CaffeineConfig, Chunk Storage Api Fabric, Cloth Config v8, conditional mixin, Controlling For Fabric, Create, Create Deco Casing, Create Crafts & Additions, Create Chunkloading, Create Deco, Create Ore Excavation, CreateFabric&REIBugFix, Dripstone Fluid Lib, Extended Drawers, Extended Flywheels, Extended Cogwheels, Fabric API, Fabric API Base, Fabric API Lookup API (v1), Fabric Biome API (v1), Fabric Block API (v1), Fabric BlockRenderLayer Registration (v1), Fabric Client Tags, Fabric Command API (v1), Fabric Command API (v2), Fabric Commands (v0), Fabric Containers (v0), Fabric Content Registries (v0), Fabric Convention Tags, Fabric Crash Report Info (v1), Fabric Data Generation API (v1), Fabric Dimensions API (v1), Fabric Entity Events (v1), Fabric Events Interaction (v0), Fabric Events Lifecycle (v0), Fabric Game Rule API (v1), Fabric Item API (v1), Fabric Item Groups (v0), Fabric Key Binding API (v1), Fabric Key Bindings (v0), Fabric Lifecycle Events (v1), Fabric Loot API (v2), Fabric Loot Tables (v1), Fabric Message API (v1), Fabric Mining Level API (v1), Fabric Models (v0), Fabric Networking API (v1), Fabric Networking (v0), Fabric Object Builder API (v1), Fabric Particles (v1), Fabric Recipe API (v1), Fabric Registry Sync (v0), Fabric Renderer API (v1), Fabric Renderer - Indigo, Fabric Renderer Registries (v1), Fabric Rendering Data Attachment (v1), Fabric Rendering Fluids (v1), Fabric Rendering (v0), Fabric Rendering (v1), Fabric Resource Conditions API (v1), Fabric Resource Loader (v0), Fabric Screen API (v1), Fabric Screen Handler API (v1), Fabric Sound API (v1), Fabric Textures (v0), Fabric Transfer API (v1), Fabric Transitive Access Wideners (v1), Fabric Loader, Fast Load, Fastload 1.19-0-1-2 Compatibility, Fastload 1.19.3 Compatibility, Fastload 1.19.4 Compat, Fastload Fabric-api Forwarding, Flywheel, Porting Lib Tags, Forge Config API Port, Graph Lib, Indium, Iris, Lithium, Mconfig, Milk Lib, Manningham Mills, No Indium?, Open Parties and Claims, Porting Lib, Porting Lib Accessors, Porting Lib Attributes, Porting Lib Base, Porting Lib Common, Porting Lib Constants, Porting Lib Entity, Porting Lib Extensions, Porting Lib Fake Players, Porting Lib Lazy Register, Porting Lib Loot, Porting Lib Model Generators, Porting Lib Model Loader, Porting Lib Models, Porting Lib Networking, Porting Lib Obj Loader, Porting Lib Transfer, Reach Entity Attributes, Reese's Sodium Options, Registrate for Fabric, Roughly Enough Items, Serialization Hooks, Sodium, Sodium Extra, Energy, TerraBlender, Xaero's Minimap, Xaero's World Map)
[09:50:45] [Render thread/INFO]: Creating pipeline for dimension OVERWORLD
[09:50:45] [Render thread/INFO]: "C:\Users\karutoil\curseforge\minecraft\Instances\Create Crafted\config\byg\settings.json5" was read.
[09:50:45] [Render thread/INFO]: "C:\Users\karutoil\curseforge\minecraft\Instances\Create Crafted\config\byg\surface_rules\overworld_surface_rules.json5" was read.
[09:50:45] [Render thread/INFO]: "C:\Users\karutoil\curseforge\minecraft\Instances\Create Crafted\config\byg\surface_rules\nether_surface_rules.json5" was read.
[09:50:45] [Render thread/INFO]: "C:\Users\karutoil\curseforge\minecraft\Instances\Create Crafted\config\byg\surface_rules\end_surface_rules.json5" was read.
[09:50:45] [Render thread/INFO]: "Oh The Biomes You'll Go" after registries freeze event firing...
[09:50:45] [Render thread/INFO]: "C:\Users\karutoil\curseforge\minecraft\Instances\Create Crafted\config\byg\end-biomes.json5" was read.
[09:50:45] [Render thread/INFO]: "C:\Users\karutoil\curseforge\minecraft\Instances\Create Crafted\config\byg\nether-biomes.json5" was read.
[09:50:45] [Render thread/INFO]: "C:\Users\karutoil\curseforge\minecraft\Instances\Create Crafted\config\byg\growing-patterns.json5" was read.
[09:50:45] [Render thread/INFO]: "C:\Users\karutoil\curseforge\minecraft\Instances\Create Crafted\config\byg\trades.json5" was read.
[09:50:45] [Render thread/INFO]: "C:\Users\karutoil\curseforge\minecraft\Instances\Create Crafted\config\byg\biomepedia.json5" was read.
[09:50:45] [Render thread/INFO]: Created compressed zip back up for "C:\Users\karutoil\curseforge\minecraft\Instances\Create Crafted\config\byg" in "C:\Users\karutoil\curseforge\minecraft\Instances\Create Crafted\config\byg\backups\last_working_configs_backup.zip"
[09:50:45] [Render thread/INFO]: BYG: Compostible Blocks Added!
[09:50:45] [Render thread/INFO]: BYG: Added tillables!
[09:50:46] [Render thread/INFO]: BYG: Added Flammables!
[09:50:46] [Render thread/INFO]: BYG: "Load Complete" Event Complete!
[09:50:46] [Render thread/INFO]: BYG: Added strippable Blocks...
[09:50:46] [Render thread/INFO]: "Oh The Biomes You'll Go" after registries freeze event complete!
[09:50:46] [Render thread/INFO]: Loading Xaero's World Map - Stage 2/2
[09:50:46] [Render thread/INFO]: New world map region cache hash code: -37652347
[09:50:46] [Render thread/INFO]: Xaero's WorldMap Mod: Xaero's minimap found!
[09:50:46] [Render thread/INFO]: Xaero's WorldMap Mod: Open Parties And Claims found!
[09:50:46] [Render thread/INFO]: No Optifine!
[09:50:46] [Render thread/INFO]: Xaero's World Map: No Vivecraft!
[09:50:46] [Render thread/INFO]: Xaero's World Map: Iris found!
[09:50:46] [Render thread/INFO]: Loading Xaero's Minimap - Stage 2/2
[09:50:48] [Render thread/INFO]: Xaero's Minimap: World Map found!
[09:50:48] [Render thread/INFO]: Xaero's Minimap: Open Parties And Claims found!
[09:50:48] [Render thread/INFO]: No Optifine!
[09:50:48] [Render thread/INFO]: Xaero's Minimap: No Vivecraft!
[09:50:48] [Render thread/INFO]: Xaero's Minimap: Iris found!
[09:50:49] [Worker-Main-9/WARN]: Unable to load model: 'create_deco_casing:block/andesite_casing_stairs_inner' referenced from: create_deco_casing:andesite_casing_stairs#facing=north,half=top,shape=straight,waterlogged=true: java.io.FileNotFoundException: create_deco_casing:models/block/andesite_casing_stairs_inner.json
[09:50:49] [Worker-Main-9/WARN]: Unable to load model: 'create_deco_casing:block/brass_casing_stairs_inner' referenced from: create_deco_casing:brass_casing_stairs#facing=north,half=top,shape=straight,waterlogged=true: java.io.FileNotFoundException: create_deco_casing:models/block/brass_casing_stairs_inner.json
[09:50:49] [Worker-Main-9/WARN]: Unable to load model: 'create_deco_casing:block/copper_casing_stairs_inner' referenced from: create_deco_casing:copper_casing_stairs#facing=north,half=top,shape=straight,waterlogged=true: java.io.FileNotFoundException: create_deco_casing:models/block/copper_casing_stairs_inner.json
[09:50:49] [Worker-Main-9/WARN]: Unable to load model: 'create_deco_casing:block/train_casing_stairs_inner' referenced from: create_deco_casing:train_casing_stairs#facing=north,half=top,shape=straight,waterlogged=true: java.io.FileNotFoundException: create_deco_casing:models/block/train_casing_stairs_inner.json
[09:50:49] [Worker-Main-9/WARN]: Unable to load model: 'minecraft:block/door_top' referenced from: create_deco_casing:andesite_casing_door#facing=north,half=upper,hinge=left,open=true,powered=true: java.io.FileNotFoundException: minecraft:models/block/door_top.json
[09:50:49] [Worker-Main-9/WARN]: Unable to load model: 'minecraft:block/door_bottom' referenced from: create_deco_casing:andesite_casing_door#facing=north,half=upper,hinge=left,open=true,powered=true: java.io.FileNotFoundException: minecraft:models/block/door_bottom.json
[09:50:49] [Worker-Main-9/WARN]: Unable to load model: 'minecraft:block/door_bottom_rh' referenced from: create_deco_casing:andesite_casing_door#facing=north,half=upper,hinge=left,open=true,powered=true: java.io.FileNotFoundException: minecraft:models/block/door_bottom_rh.json
[09:50:49] [Worker-Main-9/WARN]: Unable to load model: 'minecraft:block/door_top_rh' referenced from: create_deco_casing:andesite_casing_door#facing=north,half=upper,hinge=left,open=true,powered=true: java.io.FileNotFoundException: minecraft:models/block/door_top_rh.json
[09:50:49] [Worker-Main-9/WARN]: Unable to load model: 'create_deco_casing:block/shadow_steel_casing_stairs_inner' referenced from: create_deco_casing:shadow_steel_casing_stairs#facing=north,half=top,shape=straight,waterlogged=true: java.io.FileNotFoundException: create_deco_casing:models/block/shadow_steel_casing_stairs_inner.json
[09:50:49] [Worker-Main-9/WARN]: Unable to load model: 'create_deco_casing:block/refined_radiance_casing_stairs_inner' referenced from: create_deco_casing:refined_radiance_casing_stairs#facing=north,half=top,shape=straight,waterlogged=true: java.io.FileNotFoundException: create_deco_casing:models/block/refined_radiance_casing_stairs_inner.json
[09:50:54] [Worker-Main-9/WARN]: Unable to resolve texture reference: #missingno in create_deco_casing:block/copper_casing_door_bottom_hinge
[09:50:54] [Worker-Main-9/WARN]: Unable to resolve texture reference: #missingno in create_deco_casing:block/brass_casing_door_bottom
[09:50:54] [Worker-Main-9/WARN]: Unable to resolve texture reference: #missingno in create_deco_casing:block/shadow_steel_casing_door_top
[09:50:54] [Worker-Main-9/WARN]: Unable to resolve texture reference: #missingno in create_deco_casing:block/copper_casing_door_top_hinge
[09:50:54] [Worker-Main-9/WARN]: Unable to resolve texture reference: #missingno in create_deco_casing:block/refined_radiance_casing_door_top_hinge
[09:50:54] [Worker-Main-9/WARN]: Unable to resolve texture reference: #missingno in create_deco_casing:block/brass_casing_door_bottom_hinge
[09:50:54] [Worker-Main-9/WARN]: Unable to resolve texture reference: #missingno in create_deco_casing:block/andesite_casing_door_bottom_hinge
[09:50:54] [Worker-Main-9/WARN]: Unable to resolve texture reference: #missingno in create_deco_casing:block/copper_casing_door_bottom
[09:50:54] [Worker-Main-9/WARN]: Unable to resolve texture reference: #missingno in create_deco_casing:block/train_casing_door_top
[09:50:54] [Worker-Main-9/WARN]: Unable to resolve texture reference: #missingno in create_deco_casing:block/andesite_casing_door_top_hinge
[09:50:54] [Worker-Main-9/WARN]: Unable to resolve texture reference: #missingno in create_deco_casing:block/brass_casing_door_top_hinge
[09:50:54] [Worker-Main-9/WARN]: Unable to resolve texture reference: #missingno in create_deco_casing:block/train_casing_door_top_hinge
[09:50:54] [Worker-Main-9/WARN]: Unable to resolve texture reference: #missingno in create_deco_casing:block/andesite_casing_door_bottom
[09:50:54] [Worker-Main-9/WARN]: Unable to resolve texture reference: #missingno in create_deco_casing:block/shadow_steel_casing_door_bottom_hinge
[09:50:54] [Worker-Main-9/WARN]: Unable to resolve texture reference: #missingno in create_deco_casing:block/brass_casing_door_top
[09:50:54] [Worker-Main-9/WARN]: Unable to resolve texture reference: #missingno in create_deco_casing:block/refined_radiance_casing_door_top
[09:50:54] [Worker-Main-9/WARN]: Unable to resolve texture reference: #missingno in create_deco_casing:block/train_casing_door_bottom_hinge
[09:50:54] [Worker-Main-9/WARN]: Unable to resolve texture reference: #missingno in create_deco_casing:block/train_casing_door_bottom
[09:50:54] [Worker-Main-9/WARN]: Unable to resolve texture reference: #missingno in create_deco_casing:block/shadow_steel_casing_door_bottom
[09:50:54] [Worker-Main-9/WARN]: Unable to resolve texture reference: #missingno in create_deco_casing:block/shadow_steel_casing_door_top_hinge
[09:50:54] [Worker-Main-9/WARN]: Unable to resolve texture reference: #missingno in create_deco_casing:block/refined_radiance_casing_door_bottom
[09:50:54] [Worker-Main-9/WARN]: Unable to resolve texture reference: #missingno in create_deco_casing:block/copper_casing_door_top
[09:50:54] [Worker-Main-9/WARN]: Unable to resolve texture reference: #missingno in create_deco_casing:block/andesite_casing_door_top
[09:50:54] [Worker-Main-9/WARN]: Unable to resolve texture reference: #missingno in create_deco_casing:block/refined_radiance_casing_door_bottom_hinge
[09:50:57] [Render thread/WARN]: Missing sound for event: minecraft:item.goat_horn.play
[09:50:57] [Render thread/WARN]: Missing sound for event: minecraft:entity.goat.screaming.horn_break
[09:50:57] [Render thread/INFO]: OpenAL initialized on device OpenAL Soft on Speakers (Realtek(R) Audio)
[09:50:57] [Render thread/INFO]: Sound engine started
[09:50:57] [Render thread/INFO]: Created: 2048x1024x4 minecraft:textures/atlas/blocks.png-atlas
[09:50:58] [Render thread/INFO]: Created: 512x256x4 minecraft:textures/atlas/signs.png-atlas
[09:50:58] [Render thread/INFO]: Created: 512x512x4 minecraft:textures/atlas/banner_patterns.png-atlas
[09:50:58] [Render thread/INFO]: Created: 512x512x4 minecraft:textures/atlas/shield_patterns.png-atlas
[09:50:58] [Render thread/INFO]: Created: 256x256x4 minecraft:textures/atlas/chest.png-atlas
[09:50:58] [Render thread/INFO]: Created: 512x256x4 minecraft:textures/atlas/beds.png-atlas
[09:50:58] [Render thread/INFO]: Created: 512x256x4 minecraft:textures/atlas/shulker_boxes.png-atlas
[09:51:03] [Render thread/WARN]: Shader rendertype_entity_translucent_emissive could not find sampler named Sampler2 in the specified shader program.
[09:51:04] [Render thread/INFO]: Created: 512x256x0 minecraft:textures/atlas/particles.png-atlas
[09:51:04] [Render thread/INFO]: Created: 256x256x0 minecraft:textures/atlas/paintings.png-atlas
[09:51:04] [Render thread/INFO]: Created: 128x128x0 minecraft:textures/atlas/mob_effects.png-atlas
[09:51:04] [Render thread/INFO]: Loaded all shader sources.
[09:51:05] [Render thread/INFO]: Successfully reloaded the minimap shaders!
[09:51:05] [Render thread/INFO]: Successfully reloaded the world map shaders!
[09:51:20] [Worker-Bootstrap-1/INFO]: 4283 Datafixer optimizations took 72437 milliseconds
[10:09:46] [Render thread/INFO]: Connecting to 65.109.113.119, 25565
[10:09:48] [Netty Client IO #2/INFO]: Create Ore Excavation config just got changed on the file system!
[10:09:48] [Netty Client IO #2/INFO]: Connected to a modded server.
[10:09:50] [Render thread/INFO]: New minimap session initialized!
[10:09:50] [Render thread/INFO]: New world map session initialized!
[10:09:51] [Render thread/INFO]: Started 2 worker threads
[10:09:51] [Render thread/WARN]: @Redirect conflict. Skipping mixins.iris.compat.sodium.json:vertex_format.MixinFluidRenderer from mod iris->@Redirect::iris$fixSidewaysInnerFaceNormal(Lme/jellysquid/mods/sodium/client/model/IndexBufferBuilder;ILme/jellysquid/mods/sodium/client/model/quad/properties/ModelQuadWinding;Lnet/minecraft/class_1920;Lnet/minecraft/class_3610;Lnet/minecraft/class_2338;Lnet/minecraft/class_2338;Lme/jellysquid/mods/sodium/client/render/chunk/compile/buffers/ChunkModelBuilder;)V with priority 1000, already redirected by mixins.iris.compat.sodium.json:vertex_format.MixinFluidRenderer from mod iris->@Redirect::iris$fixBackwardUpFaceNormal(Lme/jellysquid/mods/sodium/client/model/IndexBufferBuilder;ILme/jellysquid/mods/sodium/client/model/quad/properties/ModelQuadWinding;Lnet/minecraft/class_1920;Lnet/minecraft/class_3610;Lnet/minecraft/class_2338;Lnet/minecraft/class_2338;Lme/jellysquid/mods/sodium/client/render/chunk/compile/buffers/ChunkModelBuilder;)V with priority 1000
[10:09:51] [Render thread/INFO]: Started 2 worker threads
[10:09:52] [Netty Client IO #2/WARN]: Suspicious fluid amount in recipe [extendedflywheels:steel_flywheel_from_painted_flywheel]: 500
[10:09:52] [Netty Client IO #2/WARN]: Suspicious fluid amount in recipe [extendedflywheels:brass_flywheel_from_painted_flywheel]: 500
[10:09:52] [Netty Client IO #2/WARN]: Suspicious fluid amount in recipe [extendedflywheels:iron_flywheel_from_painted_flywheel]: 500
[10:09:52] [REI-ReloadPlugins/INFO]: [REI] ----------------------------------------
[10:09:52] [REI-ReloadPlugins/INFO]: [REI] REIPlugin starting main-reload for START.
[10:09:52] [REI-ReloadPlugins/INFO]: [REI] Plugins (10):
[10:09:52] [REI-ReloadPlugins/INFO]: [REI]  - (-100.00) DefaultClientPlugin of DefaultClientPlugin [roughlyenoughitems]
[10:09:52] [REI-ReloadPlugins/INFO]: [REI]  - (-100.00) DefaultPlugin of DefaultPlugin [roughlyenoughitems]
[10:09:52] [REI-ReloadPlugins/INFO]: [REI]  - (0.00) FabricFluidAPISupportPlugin
[10:09:52] [REI-ReloadPlugins/INFO]: [REI]  - (0.00) HideIngredientsFromTagsPlugin of HideIngredientsFromTagsPlugin [roughlyenoughitems]
[10:09:52] [REI-ReloadPlugins/INFO]: [REI]  - (0.00) DefaultClientRuntimePlugin of DefaultClientRuntimePlugin [roughlyenoughitems]
[10:09:52] [REI-ReloadPlugins/INFO]: [REI]  - (0.00) REIPlugin of REIPlugin [createoreexcavation]
[10:09:52] [REI-ReloadPlugins/INFO]: [REI]  - (0.00) CreateAdditionREI of CreateAdditionREI [createaddition]
[10:09:52] [REI-ReloadPlugins/INFO]: [REI]  - (0.00) create:rei_plugin of create:rei_plugin [create]
[10:09:52] [REI-ReloadPlugins/INFO]: [REI]  - (0.00) REITooltipPlugin of REITooltipPlugin [appleskin]
[10:09:52] [REI-ReloadPlugins/INFO]: [REI]  - (0.00) DefaultRuntimePlugin of DefaultRuntimePlugin [roughlyenoughitems]
[10:09:52] [REI-ReloadPlugins/INFO]: [REI] ----------------------------------------
[10:09:52] [Render thread/INFO]: Stopping worker threads
[10:09:52] [Render thread/INFO]: Started 2 worker threads
[10:09:52] [REI-ReloadPlugins/INFO]: [REI] OOOOOOOOOOOOOOOOOOOOOOOOOOOOOOOOOOOOOOOO
[10:09:52] [REI-ReloadPlugins/INFO]: [REI] REIClientPlugin starting main-reload for START.
[10:09:52] [REI-ReloadPlugins/INFO]: [REI] Plugins (7):
[10:09:52] [REI-ReloadPlugins/INFO]: [REI]  - (-100.00) DefaultClientPlugin of DefaultClientPlugin [roughlyenoughitems]
[10:09:52] [REI-ReloadPlugins/INFO]: [REI]  - (0.00) HideIngredientsFromTagsPlugin of HideIngredientsFromTagsPlugin [roughlyenoughitems]
[10:09:52] [REI-ReloadPlugins/INFO]: [REI]  - (0.00) DefaultClientRuntimePlugin of DefaultClientRuntimePlugin [roughlyenoughitems]
[10:09:52] [REI-ReloadPlugins/INFO]: [REI]  - (0.00) REIPlugin of REIPlugin [createoreexcavation]
[10:09:52] [REI-ReloadPlugins/INFO]: [REI]  - (0.00) CreateAdditionREI of CreateAdditionREI [createaddition]
[10:09:52] [REI-ReloadPlugins/INFO]: [REI]  - (0.00) create:rei_plugin of create:rei_plugin [create]
[10:09:52] [REI-ReloadPlugins/INFO]: [REI]  - (0.00) REITooltipPlugin of REITooltipPlugin [appleskin]
[10:09:52] [REI-ReloadPlugins/INFO]: [REI] OOOOOOOOOOOOOOOOOOOOOOOOOOOOOOOOOOOOOOOO
[10:09:53] [Render thread/INFO]: Reloading entity icon resources...
[10:09:53] [Render thread/INFO]: Done!
[10:09:53] [REI-ReloadPlugins/INFO]: [REI] ****************************************
[10:09:53] [REI-ReloadPlugins/INFO]: [REI] REIServerPlugin starting main-reload for START.
[10:09:53] [REI-ReloadPlugins/INFO]: [REI] Plugins (3):
[10:09:53] [REI-ReloadPlugins/INFO]: [REI]  - (-100.00) DefaultPlugin of DefaultPlugin [roughlyenoughitems]
[10:09:53] [REI-ReloadPlugins/INFO]: [REI]  - (0.00) FabricFluidAPISupportPlugin
[10:09:53] [REI-ReloadPlugins/INFO]: [REI]  - (0.00) DefaultRuntimePlugin of DefaultRuntimePlugin [roughlyenoughitems]
[10:09:53] [REI-ReloadPlugins/INFO]: [REI] ****************************************
[10:09:53] [REI-ReloadPlugins/INFO]: [REI] REIPlugin finished post-reload for START in 1.982 ms, totaling 118.0 ms.
[10:09:53] [REI-ReloadPlugins/INFO]: [REI] REIClientPlugin finished post-reload for START in 2.052 ms, totaling 568.5 ms.
[10:09:53] [REI-ReloadPlugins/INFO]: [REI] REIServerPlugin finished post-reload for START in 433.9 ?s, totaling 5.869 ms.
[10:09:53] [Render thread/WARN]: [REI] Suppressing Reload Plugins of stage START
[10:09:53] [REI-ReloadPlugins/INFO]: [REI] ========================================
[10:09:53] [REI-ReloadPlugins/INFO]: [REI] REIPlugin starting main-reload for END.
[10:09:53] [REI-ReloadPlugins/INFO]: [REI] Plugins (10):
[10:09:53] [REI-ReloadPlugins/INFO]: [REI]  - (-100.00) DefaultClientPlugin of DefaultClientPlugin [roughlyenoughitems]
[10:09:53] [REI-ReloadPlugins/INFO]: [REI]  - (-100.00) DefaultPlugin of DefaultPlugin [roughlyenoughitems]
[10:09:53] [REI-ReloadPlugins/INFO]: [REI]  - (0.00) FabricFluidAPISupportPlugin
[10:09:53] [REI-ReloadPlugins/INFO]: [REI]  - (0.00) HideIngredientsFromTagsPlugin of HideIngredientsFromTagsPlugin [roughlyenoughitems]
[10:09:53] [REI-ReloadPlugins/INFO]: [REI]  - (0.00) DefaultClientRuntimePlugin of DefaultClientRuntimePlugin [roughlyenoughitems]
[10:09:53] [REI-ReloadPlugins/INFO]: [REI]  - (0.00) REIPlugin of REIPlugin [createoreexcavation]
[10:09:53] [REI-ReloadPlugins/INFO]: [REI]  - (0.00) CreateAdditionREI of CreateAdditionREI [createaddition]
[10:09:53] [REI-ReloadPlugins/INFO]: [REI]  - (0.00) create:rei_plugin of create:rei_plugin [create]
[10:09:53] [REI-ReloadPlugins/INFO]: [REI]  - (0.00) REITooltipPlugin of REITooltipPlugin [appleskin]
[10:09:53] [REI-ReloadPlugins/INFO]: [REI]  - (0.00) DefaultRuntimePlugin of DefaultRuntimePlugin [roughlyenoughitems]
[10:09:53] [REI-ReloadPlugins/INFO]: [REI] ========================================
[10:09:54] [REI-ReloadPlugins/INFO]: [REI] ########################################
[10:09:54] [REI-ReloadPlugins/INFO]: [REI] REIClientPlugin starting main-reload for END.
[10:09:54] [REI-ReloadPlugins/INFO]: [REI] Plugins (7):
[10:09:54] [REI-ReloadPlugins/INFO]: [REI]  - (-100.00) DefaultClientPlugin of DefaultClientPlugin [roughlyenoughitems]
[10:09:54] [REI-ReloadPlugins/INFO]: [REI]  - (0.00) HideIngredientsFromTagsPlugin of HideIngredientsFromTagsPlugin [roughlyenoughitems]
[10:09:54] [REI-ReloadPlugins/INFO]: [REI]  - (0.00) DefaultClientRuntimePlugin of DefaultClientRuntimePlugin [roughlyenoughitems]
[10:09:54] [REI-ReloadPlugins/INFO]: [REI]  - (0.00) REIPlugin of REIPlugin [createoreexcavation]
[10:09:54] [REI-ReloadPlugins/INFO]: [REI]  - (0.00) CreateAdditionREI of CreateAdditionREI [createaddition]
[10:09:54] [REI-ReloadPlugins/INFO]: [REI]  - (0.00) create:rei_plugin of create:rei_plugin [create]
[10:09:54] [REI-ReloadPlugins/INFO]: [REI]  - (0.00) REITooltipPlugin of REITooltipPlugin [appleskin]
[10:09:54] [REI-ReloadPlugins/INFO]: [REI] ########################################
[10:09:55] [REI-ReloadPlugins/INFO]: [REI] %%%%%%%%%%%%%%%%%%%%%%%%%%%%%%%%%%%%%%%%
[10:09:55] [REI-ReloadPlugins/INFO]: [REI] REIServerPlugin starting main-reload for END.
[10:09:55] [REI-ReloadPlugins/INFO]: [REI] Plugins (3):
[10:09:55] [REI-ReloadPlugins/INFO]: [REI]  - (-100.00) DefaultPlugin of DefaultPlugin [roughlyenoughitems]
[10:09:55] [REI-ReloadPlugins/INFO]: [REI]  - (0.00) FabricFluidAPISupportPlugin
[10:09:55] [REI-ReloadPlugins/INFO]: [REI]  - (0.00) DefaultRuntimePlugin of DefaultRuntimePlugin [roughlyenoughitems]
[10:09:55] [REI-ReloadPlugins/INFO]: [REI] %%%%%%%%%%%%%%%%%%%%%%%%%%%%%%%%%%%%%%%%
[10:09:55] [REI-ReloadPlugins/INFO]: [REI] REIPlugin finished post-reload for END in 1.033 ms, totaling 77.95 ms.
[10:09:55] [REI-ReloadPlugins/INFO]: [REI] REIClientPlugin finished post-reload for END in 779.4 ?s, totaling 1.307 s.
[10:09:55] [REI-ReloadPlugins/INFO]: [REI] REIServerPlugin finished post-reload for END in 264.9 ?s, totaling 19.10 ms.
[10:09:58] [Render thread/INFO]: World Chunk Loading: 179/28
[10:09:59] [Render thread/INFO]: World Chunk Loading: 190/28
[10:09:59] [Render thread/INFO]: World Chunk Loading: 193/28
[10:09:59] [Render thread/INFO]: World Chunk Loading: 195/28
[10:09:59] [Render thread/INFO]: World Chunk Loading: 198/28
[10:09:59] [Render thread/INFO]: World Chunk Loading: 202/28
[10:09:59] [Render thread/INFO]: World Chunk Building: 3/28
[10:09:59] [Render thread/INFO]: World Chunk Loading: 205/28
[10:09:59] [Render thread/INFO]: World Chunk Building: 6/28
[10:09:59] [Render thread/INFO]: World Chunk Loading: 207/28
[10:09:59] [Render thread/INFO]: World Chunk Building: 7/28
[10:09:59] [Render thread/INFO]: World Chunk Building: 9/28
[10:09:59] [Render thread/INFO]: World Chunk Building: 11/28
[10:09:59] [Render thread/INFO]: World Chunk Loading: 212/28
[10:09:59] [Render thread/INFO]: World Chunk Building: 13/28
[10:09:59] [Render thread/INFO]: World Chunk Loading: 214/28
[10:09:59] [Render thread/INFO]: World Chunk Building: 14/28
[10:09:59] [Render thread/INFO]: World Chunk Loading: 215/28
[10:09:59] [Render thread/INFO]: World Chunk Building: 17/28
[10:09:59] [Render thread/INFO]: World Chunk Loading: 217/28
[10:09:59] [Render thread/INFO]: World Chunk Building: 19/28
[10:09:59] [Render thread/INFO]: World Chunk Loading: 219/28
[10:09:59] [Render thread/INFO]: World Chunk Building: 21/28
[10:09:59] [Render thread/INFO]: World Chunk Building: 23/28
[10:09:59] [Render thread/INFO]: World Chunk Loading: 221/28
[10:09:59] [Render thread/INFO]: World Chunk Building: 25/28
[10:09:59] [Render thread/INFO]: World Chunk Loading: 222/28
[10:09:59] [Render thread/INFO]: World Chunk Building: 27/28
[10:09:59] [Render thread/INFO]: World Chunk Loading: 226/28
[10:10:00] [Render thread/INFO]: World Chunk Loading: 228/28
[10:10:00] [Render thread/INFO]: World Chunk Loading: 230/28
[10:10:00] [Render thread/INFO]: World Chunk Loading: 231/28
[10:10:00] [Render thread/INFO]: Same prepared chunk count returned 4 time(s) in a row!
[10:10:00] [Render thread/INFO]: Had it be 250 time(s) in a row, rendering would've stopped
[10:10:00] [Render thread/INFO]: World Chunk Loading: 234/28
[10:10:00] [Render thread/INFO]: World Chunk Loading: 236/28
[10:10:00] [Render thread/INFO]: Same prepared chunk count returned 4 time(s) in a row!
[10:10:00] [Render thread/INFO]: Had it be 250 time(s) in a row, rendering would've stopped
[10:10:00] [Render thread/INFO]: World Chunk Loading: 238/28
[10:10:00] [Render thread/INFO]: World Chunk Loading: 239/28
[10:10:00] [Render thread/INFO]: World Chunk Loading: 242/28
[10:10:00] [Render thread/INFO]: World Chunk Loading: 246/28
[10:10:00] [Render thread/INFO]: World Chunk Loading: 247/28
[10:10:00] [Render thread/INFO]: Same prepared chunk count returned 3 time(s) in a row!
[10:10:00] [Render thread/INFO]: Had it be 250 time(s) in a row, rendering would've stopped
[10:10:00] [Render thread/INFO]: World Chunk Loading: 249/28
[10:10:00] [Render thread/INFO]: World Chunk Loading: 250/28
[10:10:00] [Render thread/INFO]: World Chunk Loading: 251/28
[10:10:00] [Render thread/INFO]: World Chunk Loading: 252/28
[10:10:00] [Render thread/INFO]: Same prepared chunk count returned 3 time(s) in a row!
[10:10:00] [Render thread/INFO]: Had it be 250 time(s) in a row, rendering would've stopped
[10:10:00] [Render thread/INFO]: World Chunk Loading: 253/28
[10:10:00] [Render thread/INFO]: World Chunk Loading: 254/28
[10:10:00] [Render thread/INFO]: World Chunk Loading: 255/28
[10:10:00] [Render thread/INFO]: World Chunk Loading: 256/28
[10:10:00] [Render thread/INFO]: Same prepared chunk count returned 3 time(s) in a row!
[10:10:00] [Render thread/INFO]: Had it be 250 time(s) in a row, rendering would've stopped
[10:10:00] [Render thread/INFO]: World Chunk Loading: 257/28
[10:10:00] [Render thread/INFO]: World Chunk Loading: 260/28
[10:10:00] [Render thread/INFO]: World Chunk Loading: 263/28
[10:10:00] [Render thread/INFO]: Same prepared chunk count returned 4 time(s) in a row!
[10:10:00] [Render thread/INFO]: Had it be 250 time(s) in a row, rendering would've stopped
[10:10:01] [Render thread/INFO]: World Chunk Loading: 268/28
[10:10:01] [Render thread/INFO]: World Chunk Loading: 270/28
[10:10:01] [Render thread/INFO]: Same prepared chunk count returned 4 time(s) in a row!
[10:10:01] [Render thread/INFO]: Had it be 250 time(s) in a row, rendering would've stopped
[10:10:01] [Render thread/INFO]: World Chunk Loading: 272/28
[10:10:01] [Render thread/INFO]: World Chunk Loading: 273/28
[10:10:01] [Render thread/INFO]: World Chunk Loading: 274/28
[10:10:01] [Render thread/INFO]: World Chunk Loading: 277/28
[10:10:01] [Render thread/INFO]: World Chunk Loading: 279/28
[10:10:01] [Render thread/INFO]: Same prepared chunk count returned 4 time(s) in a row!
[10:10:01] [Render thread/INFO]: Had it be 250 time(s) in a row, rendering would've stopped
[10:10:01] [Render thread/INFO]: World Chunk Loading: 280/28
[10:10:01] [Render thread/INFO]: World Chunk Loading: 282/28
[10:10:01] [Render thread/INFO]: World Chunk Loading: 285/28
[10:10:01] [Render thread/INFO]: Same prepared chunk count returned 3 time(s) in a row!
[10:10:01] [Render thread/INFO]: Had it be 250 time(s) in a row, rendering would've stopped
[10:10:01] [Render thread/INFO]: World Chunk Loading: 286/28
[10:10:01] [Render thread/INFO]: World Chunk Loading: 290/28
[10:10:01] [Render thread/INFO]: World Chunk Loading: 291/28
[10:10:01] [Render thread/INFO]: Same prepared chunk count returned 4 time(s) in a row!
[10:10:01] [Render thread/INFO]: Had it be 250 time(s) in a row, rendering would've stopped
[10:10:01] [Render thread/INFO]: World Chunk Loading: 294/28
[10:10:01] [Render thread/INFO]: World Chunk Loading: 295/28
[10:10:01] [Render thread/INFO]: World Chunk Loading: 297/28
[10:10:01] [Render thread/INFO]: World Chunk Loading: 299/28
[10:10:01] [Render thread/INFO]: World Chunk Loading: 300/28
[10:10:01] [Render thread/INFO]: World Chunk Loading: 301/28
[10:10:01] [Render thread/INFO]: World Chunk Loading: 304/28
[10:10:01] [Render thread/INFO]: World Chunk Loading: 306/28
[10:10:02] [Render thread/INFO]: World Chunk Loading: 307/28
[10:10:02] [Render thread/INFO]: World Chunk Loading: 310/28
[10:10:02] [Render thread/INFO]: World Chunk Loading: 311/28
[10:10:02] [Render thread/INFO]: World Chunk Loading: 313/28
[10:10:02] [Render thread/INFO]: World Chunk Loading: 314/28
[10:10:02] [Render thread/INFO]: Same prepared chunk count returned 3 time(s) in a row!
[10:10:02] [Render thread/INFO]: Had it be 250 time(s) in a row, rendering would've stopped
[10:10:02] [Render thread/INFO]: World Chunk Loading: 316/28
[10:10:02] [Render thread/INFO]: World Chunk Loading: 318/28
[10:10:02] [Render thread/INFO]: World Chunk Loading: 319/28
[10:10:02] [Render thread/INFO]: World Chunk Loading: 320/28
[10:10:02] [Render thread/INFO]: World Chunk Loading: 321/28
[10:10:02] [Render thread/INFO]: World Chunk Loading: 324/28
[10:10:02] [Render thread/INFO]: World Chunk Loading: 325/28
[10:10:02] [Render thread/INFO]: World Chunk Loading: 327/28
[10:10:02] [Render thread/INFO]: World Chunk Loading: 330/28
[10:10:02] [Render thread/INFO]: World Chunk Loading: 334/28
[10:10:02] [Render thread/INFO]: World Chunk Loading: 335/28
[10:10:02] [Render thread/INFO]: World Chunk Loading: 338/28
[10:10:02] [Render thread/INFO]: World Chunk Loading: 339/28
[10:10:02] [Render thread/INFO]: World Chunk Loading: 340/28
[10:10:02] [Render thread/INFO]: World Chunk Loading: 341/28
[10:10:02] [Render thread/INFO]: World Chunk Loading: 344/28
[10:10:02] [Render thread/INFO]: World Chunk Loading: 347/28
[10:10:02] [Render thread/INFO]: World Chunk Loading: 349/28
[10:10:02] [Render thread/INFO]: World Chunk Loading: 352/28
[10:10:02] [Render thread/INFO]: World Chunk Loading: 354/28
[10:10:02] [Render thread/INFO]: World Chunk Loading: 358/28
[10:10:02] [Render thread/INFO]: Same prepared chunk count returned 3 time(s) in a row!
[10:10:02] [Render thread/INFO]: Had it be 250 time(s) in a row, rendering would've stopped
[10:10:02] [Render thread/INFO]: World Chunk Loading: 359/28
[10:10:02] [Render thread/INFO]: World Chunk Loading: 361/28
[10:10:03] [Render thread/INFO]: World Chunk Loading: 362/28
[10:10:03] [Render thread/INFO]: World Chunk Loading: 367/28
[10:10:03] [Render thread/INFO]: World Chunk Loading: 370/28
[10:10:03] [Render thread/INFO]: World Chunk Loading: 371/28
[10:10:03] [Render thread/INFO]: World Chunk Loading: 373/28
[10:10:03] [Render thread/INFO]: World Chunk Loading: 375/28
[10:10:03] [Render thread/INFO]: World Chunk Loading: 376/28
[10:10:03] [Render thread/INFO]: World Chunk Loading: 378/28
[10:10:03] [Render thread/INFO]: World Chunk Loading: 381/28
[10:10:03] [Render thread/INFO]: World Chunk Loading: 383/28
[10:10:03] [Render thread/INFO]: World Chunk Loading: 386/28
[10:10:03] [Render thread/INFO]: World Chunk Loading: 389/28
[10:10:03] [Render thread/INFO]: World Chunk Loading: 392/28
[10:10:03] [Render thread/INFO]: World Chunk Loading: 393/28
[10:10:03] [Render thread/INFO]: World Chunk Loading: 396/28
[10:10:03] [Render thread/INFO]: World Chunk Loading: 397/28
[10:10:03] [Render thread/INFO]: World Chunk Loading: 398/28
[10:10:03] [Render thread/INFO]: World Chunk Loading: 402/28
[10:10:03] [Render thread/INFO]: World Chunk Loading: 406/28
[10:10:03] [Render thread/INFO]: Same prepared chunk count returned 3 time(s) in a row!
[10:10:03] [Render thread/INFO]: Had it be 250 time(s) in a row, rendering would've stopped
[10:10:03] [Render thread/INFO]: World Chunk Loading: 408/28
[10:10:03] [Render thread/INFO]: World Chunk Loading: 411/28
[10:10:03] [Render thread/INFO]: Minimap updated server level id: -1675551378 for world ResourceKey[minecraft:dimension / minecraft:overworld]
[10:10:03] [Render thread/INFO]: Loaded 20 advancements
[10:10:03] [Render thread/INFO]: World Chunk Loading: 417/28
[10:10:03] [Render thread/INFO]: Same prepared chunk count returned 3 time(s) in a row!
[10:10:03] [Render thread/INFO]: Had it be 250 time(s) in a row, rendering would've stopped
[10:10:03] [Render thread/INFO]: World Chunk Loading: 419/28
[10:10:03] [Render thread/INFO]: Same prepared chunk count returned 3 time(s) in a row!
[10:10:03] [Render thread/INFO]: Had it be 250 time(s) in a row, rendering would've stopped
[10:10:03] [Render thread/INFO]: World Chunk Loading: 421/28
[10:10:03] [Render thread/INFO]: World Chunk Loading: 424/28
[10:10:03] [Render thread/INFO]: World Chunk Loading: 426/28
[10:10:03] [Render thread/INFO]: World Chunk Loading: 427/28
[10:10:04] [Render thread/INFO]: World Chunk Loading: 434/28
[10:10:04] [Render thread/INFO]: World Chunk Loading: 435/28
[10:10:04] [Render thread/INFO]: World Chunk Loading: 439/28
[10:10:04] [Render thread/INFO]: World Chunk Loading: 444/28
[10:10:04] [Render thread/INFO]: World Chunk Loading: 445/28
[10:10:04] [Render thread/INFO]: World Chunk Loading: 452/28
[10:10:04] [Render thread/INFO]: Same prepared chunk count returned 3 time(s) in a row!
[10:10:04] [Render thread/INFO]: Had it be 250 time(s) in a row, rendering would've stopped
[10:10:04] [Render thread/INFO]: World Chunk Loading: 453/28
[10:10:04] [Render thread/INFO]: World Chunk Loading: 457/28
[10:10:04] [Render thread/INFO]: World Chunk Loading: 459/28
[10:10:04] [Render thread/INFO]: Rendering is either taking too long or hit a roadblock. If you are in a server, this is potentially a limitation of the servers render distance and can be ignored.
[10:10:28] [Render thread/INFO]: [System] [CHAT] Teleported Karutoil to 2391.500000, 72.000000, 1230.500000
[10:10:31] [Render thread/INFO]: Loaded 27 advancements
[10:10:54] [Render thread/INFO]: [System] [CHAT] Set own game mode to Creative Mode
[10:12:02] [Render thread/INFO]: [System] [CHAT] The nearest #byg:is_lush (byg:allium_fields) is at [2677, 154, 1137] (488 blocks away)
[10:12:09] [Render thread/INFO]: [System] [CHAT] Teleported Karutoil to 2677.500000, 154.000000, 1137.500000
[10:12:10] [Render thread/INFO]: Loaded 27 advancements
[10:12:19] [Render thread/INFO]: Loaded 27 advancements
[10:12:34] [Render thread/INFO]: Loaded 27 advancements
[10:12:56] [Render thread/INFO]: [System] [CHAT] Set the world spawn point to 2798, 87, 1305 [0.0]
[10:13:47] [Render thread/INFO]: Flushed changes to Sodium configuration
[10:14:16] [Render thread/INFO]: [System] [CHAT] Unknown or incomplete command, see below for error
[10:14:16] [Render thread/INFO]: [System] [CHAT] spawn<--[HERE]
[10:14:44] [Render thread/INFO]: [System] [CHAT] Respawn point set
[10:14:49] [Render thread/INFO]: [System] [CHAT] Respawn point set
[10:14:59] [Render thread/INFO]: Loaded 40 advancements
[10:18:47] [Render thread/INFO]: Minimap session finalized.
[10:18:47] [Render thread/INFO]: Finalizing world map session...
[10:18:48] [Thread-2/INFO]: World map force-cleaned!
[10:18:48] [Render thread/INFO]: World map session finalized.
[10:18:48] [Render thread/INFO]: Stopping worker threads
[10:18:49] [Render thread/INFO]: Stopping!
