[09:08:52] [Render thread/INFO] ========================================
[09:08:52] [Render thread/INFO] Minecraft: 1.19.2
[09:08:52] [Render thread/INFO] Side: client
[09:08:52] [Render thread/INFO] Development: false
[09:08:52] [Render thread/INFO] Version: 9.1.595
[09:08:52] [Render thread/INFO] Loader:
[09:08:52] [Render thread/INFO] - Fabric: 0.14.19
[09:08:52] [Render thread/INFO] - Fabric API: 0.76.0+1.19.2
[09:08:52] [Render thread/INFO] Dependencies:
[09:08:52] [Render thread/INFO] - Cloth Config: 8.2.88
[09:08:52] [Render thread/INFO] - Architectury: 6.5.77
[09:08:52] [Render thread/INFO] Mixin: 0.8.5
[09:08:52] [Render thread/INFO] OS: Windows 10 10.0 (amd64)
[09:08:52] [Render thread/INFO] Java: 17.0.3 (Microsoft)
[09:08:52] [Render thread/INFO] ========================================
[09:08:52] [Render thread/INFO] Mods:
[09:08:52] [Render thread/INFO] - appleskin: 2.4.1+mc1.19
[09:08:52] [Render thread/INFO] - architectury: 6.5.77
[09:08:52] [Render thread/INFO] - byg: 2.0.0.13
[09:08:52] [Render thread/INFO] - caffeineconfig: 1.0.0+1.17
[09:08:52] [Render thread/INFO] - chunk-storage-api-fabric: 1.0.0
[09:08:52] [Render thread/INFO] - cloth-basic-math: 0.6.1
[09:08:52] [Render thread/INFO] - cloth-config: 8.2.88
[09:08:52] [Render thread/INFO] - cloth-config: 8.2.88
[09:08:52] [Render thread/INFO] - com_electronwill_night-config_core: 3.6.6
[09:08:52] [Render thread/INFO] - com_electronwill_night-config_toml: 3.6.6
[09:08:52] [Render thread/INFO] - com_github_llamalad7_mixinextras: 0.1.1
[09:08:52] [Render thread/INFO] - com_google_code_findbugs_jsr305: 3.0.2
[09:08:52] [Render thread/INFO] - conditional-mixin: 0.3.2
[09:08:52] [Render thread/INFO] - controlling: 10.0+7
[09:08:52] [Render thread/INFO] - create: 0.5.0.i-991+1.19.2
[09:08:52] [Render thread/INFO] - create_deco_casing: 2.0.0
[09:08:52] [Render thread/INFO] - createaddition: 20230211a
[09:08:52] [Render thread/INFO] - createchunkloading: 1.3.0
[09:08:52] [Render thread/INFO] - createdeco: 1.3.0-1.19.2
[09:08:52] [Render thread/INFO] - createoreexcavation: 1.1.1
[09:08:52] [Render thread/INFO] - createreibugfix: 0.1.2-mc1.19.x
[09:08:52] [Render thread/INFO] - de_poiu_apron_apron: 2.1.1
[09:08:52] [Render thread/INFO] - dripstone_fluid_lib: 2.0.1
[09:08:52] [Render thread/INFO] - error_notifier: 1.0.9
[09:08:52] [Render thread/INFO] - extended_drawers: 1.3.8+mc.1.19.2
[09:08:52] [Render thread/INFO] - extendedflywheels: 1.19.2-0.5.0.g-1.2.5.1
[09:08:52] [Render thread/INFO] - extendedgears: 2.0.2-1.19.2-0.5.0.i+fabric-1.19.2
[09:08:52] [Render thread/INFO] - fabric-api: 0.76.0+1.19.2
[09:08:52] [Render thread/INFO] - fabric-api: 0.76.0+1.19.2
[09:08:52] [Render thread/INFO] - fabric-api-base: 0.4.15+8f4e8eb390
[09:08:52] [Render thread/INFO] - fabric-api-lookup-api-v1: 1.6.14+93d8cb8290
[09:08:52] [Render thread/INFO] - fabric-biome-api-v1: 9.1.1+16f1e31390
[09:08:52] [Render thread/INFO] - fabric-block-api-v1: 1.0.2+e415d50e90
[09:08:52] [Render thread/INFO] - fabric-blockrenderlayer-v1: 1.1.25+cafc6e8e90
[09:08:52] [Render thread/INFO] - fabric-client-tags-api-v1: 1.0.5+b35fea8390
[09:08:52] [Render thread/INFO] - fabric-command-api-v1: 1.2.16+f71b366f90
[09:08:52] [Render thread/INFO] - fabric-command-api-v2: 2.2.1+413cbbc790
[09:08:52] [Render thread/INFO] - fabric-commands-v0: 0.2.33+df3654b390
[09:08:52] [Render thread/INFO] - fabric-containers-v0: 0.1.41+df3654b390
[09:08:52] [Render thread/INFO] - fabric-content-registries-v0: 3.5.2+7c6cd14d90
[09:08:52] [Render thread/INFO] - fabric-convention-tags-v1: 1.3.0+4bc6e26290
[09:08:52] [Render thread/INFO] - fabric-crash-report-info-v1: 0.2.8+aeb40ebe90
[09:08:52] [Render thread/INFO] - fabric-data-generation-api-v1: 5.3.8+413cbbc790
[09:08:52] [Render thread/INFO] - fabric-dimensions-v1: 2.1.35+0d0f210290
[09:08:52] [Render thread/INFO] - fabric-entity-events-v1: 1.5.4+9244241690
[09:08:52] [Render thread/INFO] - fabric-events-interaction-v0: 0.4.34+562bff6e90
[09:08:52] [Render thread/INFO] - fabric-events-lifecycle-v0: 0.2.36+df3654b390
[09:08:52] [Render thread/INFO] - fabric-game-rule-api-v1: 1.0.24+b6b6abb490
[09:08:52] [Render thread/INFO] - fabric-item-api-v1: 1.6.6+b7d1888890
[09:08:52] [Render thread/INFO] - fabric-item-groups-v0: 0.3.39+9244241690
[09:08:52] [Render thread/INFO] - fabric-key-binding-api-v1: 1.0.25+5c4fce2890
[09:08:52] [Render thread/INFO] - fabric-keybindings-v0: 0.2.23+df3654b390
[09:08:52] [Render thread/INFO] - fabric-lifecycle-events-v1: 2.2.4+1b46dc7890
[09:08:52] [Render thread/INFO] - fabric-loot-api-v2: 1.1.13+83a8659290
[09:08:52] [Render thread/INFO] - fabric-loot-tables-v1: 1.1.16+9e7660c690
[09:08:52] [Render thread/INFO] - fabric-message-api-v1: 5.0.7+93d8cb8290
[09:08:52] [Render thread/INFO] - fabric-mining-level-api-v1: 2.1.24+33fbc73890
[09:08:52] [Render thread/INFO] - fabric-models-v0: 0.3.21+c6af733c90
[09:08:52] [Render thread/INFO] - fabric-networking-api-v1: 1.2.11+10eb22f490
[09:08:52] [Render thread/INFO] - fabric-networking-v0: 0.3.28+df3654b390
[09:08:52] [Render thread/INFO] - fabric-object-builder-api-v1: 4.2.2+d8ef690890
[09:08:52] [Render thread/INFO] - fabric-particles-v1: 1.0.14+4d0d570390
[09:08:52] [Render thread/INFO] - fabric-permissions-api-v0: 0.1-SNAPSHOT
[09:08:52] [Render thread/INFO] - fabric-recipe-api-v1: 1.0.1+413cbbc790
[09:08:52] [Render thread/INFO] - fabric-registry-sync-v0: 0.9.32+9244241690
[09:08:52] [Render thread/INFO] - fabric-renderer-api-v1: 1.2.1+1adbf27790
[09:08:52] [Render thread/INFO] - fabric-renderer-indigo: 0.8.0+1adbf27790
[09:08:52] [Render thread/INFO] - fabric-renderer-registries-v1: 3.2.24+df3654b390
[09:08:52] [Render thread/INFO] - fabric-rendering-data-attachment-v1: 0.3.19+6e0787e690
[09:08:52] [Render thread/INFO] - fabric-rendering-fluids-v1: 3.0.11+4d0d570390
[09:08:52] [Render thread/INFO] - fabric-rendering-v0: 1.1.27+df3654b390
[09:08:52] [Render thread/INFO] - fabric-rendering-v1: 1.12.1+d8ef690890
[09:08:52] [Render thread/INFO] - fabric-resource-conditions-api-v1: 2.1.2+aae9039d90
[09:08:52] [Render thread/INFO] - fabric-resource-loader-v0: 0.8.4+edbdcddb90
[09:08:52] [Render thread/INFO] - fabric-screen-api-v1: 1.0.32+4d0d570390
[09:08:52] [Render thread/INFO] - fabric-screen-handler-api-v1: 1.3.7+1cc24b1b90
[09:08:52] [Render thread/INFO] - fabric-sound-api-v1: 1.0.2+c4f28df590
[09:08:52] [Render thread/INFO] - fabric-textures-v0: 1.0.24+aeb40ebe90
[09:08:52] [Render thread/INFO] - fabric-transfer-api-v1: 2.1.6+413cbbc790
[09:08:52] [Render thread/INFO] - fabric-transitive-access-wideners-v1: 1.3.3+08b73de490
[09:08:52] [Render thread/INFO] - fabricloader: 0.14.19
[09:08:52] [Render thread/INFO] - fastload: 3.3.3
[09:08:52] [Render thread/INFO] - fastload-119-0-1-2-compat: 3.3.3
[09:08:52] [Render thread/INFO] - fastload-1193-compat: 3.3.3
[09:08:52] [Render thread/INFO] - fastload-1194-compat: 3.3.3
[09:08:52] [Render thread/INFO] - fastload_fapi_forward: 1.0.1
[09:08:52] [Render thread/INFO] - flywheel: 0.6.8.a-4
[09:08:52] [Render thread/INFO] - forge_tags: 3.0
[09:08:52] [Render thread/INFO] - forgeconfigapiport: 4.2.11
[09:08:52] [Render thread/INFO] - graphlib: 0.3.6+1.19.2
[09:08:52] [Render thread/INFO] - indium: 1.0.9+mc1.19.2
[09:08:52] [Render thread/INFO] - io_github_douira_glsl-transformer: 2.0.0-pre12
[09:08:52] [Render thread/INFO] - iris: 1.6.0
[09:08:52] [Render thread/INFO] - java: 17
[09:08:52] [Render thread/INFO] - lithium: 0.11.1
[09:08:52] [Render thread/INFO] - mconfig: 1.2.0+mc.1.19-rc1
[09:08:52] [Render thread/INFO] - milk: 1.0.51
[09:08:52] [Render thread/INFO] - minecraft: 1.19.2
[09:08:52] [Render thread/INFO] - mm: 2.3
[09:08:52] [Render thread/INFO] - noindium: 1.1.0+1.19
[09:08:52] [Render thread/INFO] - opaccreatesupport: 1.1.0
[09:08:52] [Render thread/INFO] - openpartiesandclaims: 0.17.2
[09:08:52] [Render thread/INFO] - org_anarres_jcpp: 1.4.14
[09:08:52] [Render thread/INFO] - org_antlr_antlr4-runtime: 4.11.1
[09:08:52] [Render thread/INFO] - org_joml_joml: 1.10.4
[09:08:52] [Render thread/INFO] - porting_lib: 2.1.875+1.19.2
[09:08:52] [Render thread/INFO] - porting_lib_accessors: 2.1.875+1.19.2
[09:08:52] [Render thread/INFO] - porting_lib_attributes: 2.1.875+1.19.2
[09:08:52] [Render thread/INFO] - porting_lib_base: 2.1.875+1.19.2
[09:08:52] [Render thread/INFO] - porting_lib_common: 2.1.875+1.19.2
[09:08:52] [Render thread/INFO] - porting_lib_constants: 2.1.875+1.19.2
[09:08:52] [Render thread/INFO] - porting_lib_entity: 2.1.875+1.19.2
[09:08:52] [Render thread/INFO] - porting_lib_extensions: 2.1.875+1.19.2
[09:08:52] [Render thread/INFO] - porting_lib_fake_players: 2.1.875+1.19.2
[09:08:52] [Render thread/INFO] - porting_lib_lazy_registration: 2.1.875+1.19.2
[09:08:52] [Render thread/INFO] - porting_lib_loot: 2.1.875+1.19.2
[09:08:52] [Render thread/INFO] - porting_lib_model_generators: 2.1.875+1.19.2
[09:08:52] [Render thread/INFO] - porting_lib_model_loader: 2.1.875+1.19.2
[09:08:52] [Render thread/INFO] - porting_lib_models: 2.1.875+1.19.2
[09:08:52] [Render thread/INFO] - porting_lib_networking: 2.1.875+1.19.2
[09:08:52] [Render thread/INFO] - porting_lib_obj_loader: 2.1.875+1.19.2
[09:08:52] [Render thread/INFO] - porting_lib_transfer: 2.1.875+1.19.2
[09:08:52] [Render thread/INFO] - reach-entity-attributes: 2.3.0
[09:08:52] [Render thread/INFO] - reeses-sodium-options: 1.4.9+mc1.19.2-build.67
[09:08:52] [Render thread/INFO] - registrate-fabric: 1.1.57-MC1.19.2
[09:08:52] [Render thread/INFO] - roughlyenoughitems: 9.1.595
[09:08:52] [Render thread/INFO] - serialization_hooks: 0.3.26
[09:08:52] [Render thread/INFO] - sodium: 0.4.4+build.18
[09:08:52] [Render thread/INFO] - sodium-extra: 0.4.16+mc1.19.2-build.90
[09:08:52] [Render thread/INFO] - team_reborn_energy: 2.2.0
[09:08:52] [Render thread/INFO] - terrablender: 2.0.1.136
[09:08:52] [Render thread/INFO] - xaerominimap: 23.3.3
[09:08:52] [Render thread/INFO] - xaeroworldmap: 1.29.5
[09:08:52] [Render thread/INFO] ========================================
[09:08:52] [Render thread/DEBUG] [REI] Added filtering rule [roughlyenoughitems:search]: INSTANCE
[09:08:52] [Render thread/DEBUG] [REI] Added filtering rule [roughlyenoughitems:manual]: INSTANCE
[09:08:52] [Render thread/DEBUG] [REI] Added filtering rule [roughlyenoughitems:basic]: INSTANCE
[09:08:53] [Render thread/INFO] [REI] Config loaded
[09:08:53] [Render thread/DEBUG] [REI] Config saved
[09:08:53] [Render thread/INFO] [REI] Registered plugin provider DefaultPlugin [roughlyenoughitems] for REIPlugin
[09:08:53] [Render thread/INFO] [REI] Registered plugin provider DefaultRuntimePlugin [roughlyenoughitems] for REIPlugin
[09:08:53] [Render thread/INFO] [REI] Registered plugin provider REITooltipPlugin [appleskin] for REIPlugin
[09:08:53] [Render thread/INFO] [REI] Registered plugin provider create:rei_plugin [create] for REIPlugin
[09:08:53] [Render thread/INFO] [REI] Registered plugin provider CreateAdditionREI [createaddition] for REIPlugin
[09:08:53] [Render thread/INFO] [REI] Registered plugin provider REIPlugin [createoreexcavation] for REIPlugin
[09:08:53] [Render thread/INFO] [REI] Registered plugin provider DefaultClientPlugin [roughlyenoughitems] for REIPlugin
[09:08:53] [Render thread/INFO] [REI] Registered plugin provider DefaultClientRuntimePlugin [roughlyenoughitems] for REIPlugin
[09:08:53] [Render thread/DEBUG] [REI] Added filtering rule [roughlyenoughitems:hidden_from_recipe_viewers]: INSTANCE
[09:08:53] [Render thread/INFO] [REI] Registered plugin provider HideIngredientsFromTagsPlugin [roughlyenoughitems] for REIPlugin
[09:08:53] [Render thread/INFO] [REI] Registered plugin provider DefaultPlugin [roughlyenoughitems] for REIServerPlugin
[09:08:53] [Render thread/INFO] [REI] Registered plugin provider DefaultRuntimePlugin [roughlyenoughitems] for REIServerPlugin
[09:08:53] [Render thread/INFO] [REI] Registered plugin provider FabricFluidAPISupportPlugin for REIServerPlugin
[09:08:53] [Render thread/INFO] [REI] Registered plugin provider FabricFluidAPISupportPlugin for REIPlugin
[09:08:57] [Render thread/INFO] [REI] Registered plugin provider REITooltipPlugin [appleskin] for REIClientPlugin
[09:08:57] [Render thread/INFO] [REI] Registered plugin provider create:rei_plugin [create] for REIClientPlugin
[09:08:57] [Render thread/INFO] [REI] Registered plugin provider CreateAdditionREI [createaddition] for REIClientPlugin
[09:08:57] [Render thread/INFO] [REI] Registered plugin provider REIPlugin [createoreexcavation] for REIClientPlugin
[09:08:57] [Render thread/INFO] [REI] Registered plugin provider DefaultClientPlugin [roughlyenoughitems] for REIClientPlugin
[09:08:57] [Render thread/INFO] [REI] Registered plugin provider DefaultClientRuntimePlugin [roughlyenoughitems] for REIClientPlugin
[09:08:57] [Render thread/INFO] [REI] Registered plugin provider HideIngredientsFromTagsPlugin [roughlyenoughitems] for REIClientPlugin
